Using pre-set license
Built from '2020.3/staging' branch; Version is '2020.3.14f1 (d0d1bb862f9d) revision 13685179'; Using compiler version '192528614'; Build Type 'Release'
OS: 'Windows 10 Pro; OS build 19042.1586; Version 2009; 64bit' Language: 'ko' Physical Memory: 16227 MB
BatchMode: 1, IsHumanControllingUs: 0, StartBugReporterOnCrash: 0, Is64bit: 1, IsPro: 0

 COMMAND LINE ARGUMENTS:
C:\Program Files\Unity\Hub\Editor\2020.3.14f1\Editor\Unity.exe
-adb2
-batchMode
-noUpm
-name
AssetImportWorker0
-projectPath
C:/0_Github_Repo/AR_Basic/AR_Basic
-logFile
Logs/AssetImportWorker0.log
-srvPort
5125
Successfully changed project path to: C:/0_Github_Repo/AR_Basic/AR_Basic
C:/0_Github_Repo/AR_Basic/AR_Basic
Using Asset Import Pipeline V2.
Refreshing native plugins compatible for Editor in 33.67 ms, found 2 plugins.
Preloading 0 native plugins for Editor in 0.00 ms.
Initialize engine version: 2020.3.14f1 (d0d1bb862f9d)
[Subsystems] Discovering subsystems at path C:/Program Files/Unity/Hub/Editor/2020.3.14f1/Editor/Data/Resources/UnitySubsystems
[Subsystems] Discovering subsystems at path C:/0_Github_Repo/AR_Basic/AR_Basic/Assets
GfxDevice: creating device client; threaded=0
Direct3D:
    Version:  Direct3D 11.0 [level 11.1]
    Renderer: NVIDIA GeForce GTX 1050 (ID=0x1c92)
    Vendor:   
    VRAM:     4021 MB
    Driver:   30.0.15.1123
Initialize mono
Mono path[0] = 'C:/Program Files/Unity/Hub/Editor/2020.3.14f1/Editor/Data/Managed'
Mono path[1] = 'C:/Program Files/Unity/Hub/Editor/2020.3.14f1/Editor/Data/MonoBleedingEdge/lib/mono/unityjit'
Mono config path = 'C:/Program Files/Unity/Hub/Editor/2020.3.14f1/Editor/Data/MonoBleedingEdge/etc'
Using monoOptions --debugger-agent=transport=dt_socket,embedding=1,server=y,suspend=n,address=127.0.0.1:56512
Begin MonoManager ReloadAssembly
Registering precompiled unity dll's ...
Register platform support module: C:/Program Files/Unity/Hub/Editor/2020.3.14f1/Editor/Data/PlaybackEngines/WebGLSupport/UnityEditor.WebGL.Extensions.dll
Register platform support module: C:/Program Files/Unity/Hub/Editor/2020.3.14f1/Editor/Data/PlaybackEngines/WindowsStandaloneSupport/UnityEditor.WindowsStandalone.Extensions.dll
Registered in 0.004254 seconds.
Native extension for WindowsStandalone target not found
Native extension for WebGL target not found
Refreshing native plugins compatible for Editor in 28.61 ms, found 2 plugins.
Preloading 0 native plugins for Editor in 0.00 ms.
Mono: successfully reloaded assembly
- Completed reload, in  2.688 seconds
Domain Reload Profiling:
	ReloadAssembly (2688ms)
		BeginReloadAssembly (67ms)
			ExecutionOrderSort (0ms)
			DisableScriptedObjects (0ms)
			BackupInstance (0ms)
			ReleaseScriptingObjects (0ms)
			CreateAndSetChildDomain (1ms)
		EndReloadAssembly (421ms)
			LoadAssemblies (64ms)
			RebuildTransferFunctionScriptingTraits (0ms)
			SetupTypeCache (149ms)
			ReleaseScriptCaches (0ms)
			RebuildScriptCaches (34ms)
			SetupLoadedEditorAssemblies (151ms)
				LogAssemblyErrors (0ms)
				InitializePlatformSupportModulesInManaged (5ms)
				SetLoadedEditorAssemblies (0ms)
				RefreshPlugins (29ms)
				BeforeProcessingInitializeOnLoad (14ms)
				ProcessInitializeOnLoadAttributes (76ms)
				ProcessInitializeOnLoadMethodAttributes (26ms)
				AfterProcessingInitializeOnLoad (0ms)
				EditorAssembliesLoaded (0ms)
			ExecutionOrderSort2 (0ms)
			AwakeInstancesAfterBackupRestoration (0ms)
Platform modules already initialized, skipping
Registering precompiled user dll's ...
Registered in 0.006747 seconds.
Begin MonoManager ReloadAssembly
Native extension for WindowsStandalone target not found
Native extension for WebGL target not found
Refreshing native plugins compatible for Editor in 0.36 ms, found 2 plugins.
Preloading 0 native plugins for Editor in 0.00 ms.
Mono: successfully reloaded assembly
- Completed reload, in  1.097 seconds
Domain Reload Profiling:
	ReloadAssembly (1098ms)
		BeginReloadAssembly (149ms)
			ExecutionOrderSort (0ms)
			DisableScriptedObjects (5ms)
			BackupInstance (0ms)
			ReleaseScriptingObjects (0ms)
			CreateAndSetChildDomain (17ms)
		EndReloadAssembly (881ms)
			LoadAssemblies (104ms)
			RebuildTransferFunctionScriptingTraits (0ms)
			SetupTypeCache (276ms)
			ReleaseScriptCaches (0ms)
			RebuildScriptCaches (55ms)
			SetupLoadedEditorAssemblies (349ms)
				LogAssemblyErrors (0ms)
				InitializePlatformSupportModulesInManaged (7ms)
				SetLoadedEditorAssemblies (1ms)
				RefreshPlugins (0ms)
				BeforeProcessingInitializeOnLoad (105ms)
				ProcessInitializeOnLoadAttributes (221ms)
				ProcessInitializeOnLoadMethodAttributes (4ms)
				AfterProcessingInitializeOnLoad (11ms)
				EditorAssembliesLoaded (0ms)
			ExecutionOrderSort2 (0ms)
			AwakeInstancesAfterBackupRestoration (7ms)
Platform modules already initialized, skipping
========================================================================
Worker process is ready to serve import requests
Launched and connected shader compiler UnityShaderCompiler.exe after 0.05 seconds
Refreshing native plugins compatible for Editor in 0.34 ms, found 2 plugins.
Preloading 0 native plugins for Editor in 0.00 ms.
Unloading 1743 Unused Serialized files (Serialized files now loaded: 0)
System memory in use before: 76.6 MB.
System memory in use after: 76.6 MB.

Unloading 20 unused Assets to reduce memory usage. Loaded Objects now: 2178.
Total: 1.999000 ms (FindLiveObjects: 0.167300 ms CreateObjectMapping: 0.052000 ms MarkObjects: 1.713700 ms  DeleteObjects: 0.064900 ms)

AssetImportParameters requested are different than current active one (requested -> active):
  custom:framework-win-MediaFoundation: 216162199b28c13a410421893ffa2e32 -> 
  custom:video-decoder-ogg-theora: a1e56fd34408186e4bbccfd4996cb3dc -> 
  custom:container-muxer-webm: aa71ff27fc2769a1b78a27578f13a17b -> 
  custom:container-demuxer-webm: 4f35f7cbe854078d1ac9338744f61a02 -> 
  custom:container-demuxer-ogg: 62fdf1f143b41e24485cea50d1cbac27 -> 
  custom:video-encoder-webm-vp8: eb34c28f22e8b96e1ab97ce403110664 -> 
  custom:video-decoder-webm-vp8: 9c59270c3fd7afecdb556c50c9e8de78 -> 
  custom:audio-decoder-ogg-vorbis: bf7c407c2cedff20999df2af8eb42d56 -> 
  custom:audio-encoder-webm-vorbis: bf7c407c2cedff20999df2af8eb42d56 -> 
========================================================================
Received Import Request.
  path: Assets/Scripts/ARImageTracker.cs
  artifactKey: Guid(ee6ab7cdb9b66e84aadf8c65ec618714) Importer(815301076,1909f56bfc062723c751e8b465ee728b)
Start importing Assets/Scripts/ARImageTracker.cs using Guid(ee6ab7cdb9b66e84aadf8c65ec618714) Importer(815301076,1909f56bfc062723c751e8b465ee728b)  -> (artifact id: '0e028ac825ec207b2bd220c911448a5e') in 0.078875 seconds 
  Import took 0.081454 seconds .

========================================================================
Received Import Request.
  Time since last request: 32.183277 seconds.
  path: Assets/Scripts/ARTrackImage.cs
  artifactKey: Guid(875646dabe878a345b590ca242f4f839) Importer(815301076,1909f56bfc062723c751e8b465ee728b)
Start importing Assets/Scripts/ARTrackImage.cs using Guid(875646dabe878a345b590ca242f4f839) Importer(815301076,1909f56bfc062723c751e8b465ee728b)  -> (artifact id: '65d22a461b27c2290e518de01f3092f2') in 0.010487 seconds 
  Import took 0.016215 seconds .

========================================================================
Received Prepare
Registering precompiled user dll's ...
Registered in 0.008363 seconds.
Begin MonoManager ReloadAssembly
Native extension for WindowsStandalone target not found
Native extension for WebGL target not found
Refreshing native plugins compatible for Editor in 0.79 ms, found 2 plugins.
Preloading 0 native plugins for Editor in 0.00 ms.
Mono: successfully reloaded assembly
- Completed reload, in  1.681 seconds
Domain Reload Profiling:
	ReloadAssembly (1682ms)
		BeginReloadAssembly (160ms)
			ExecutionOrderSort (0ms)
			DisableScriptedObjects (6ms)
			BackupInstance (0ms)
			ReleaseScriptingObjects (0ms)
			CreateAndSetChildDomain (38ms)
		EndReloadAssembly (1425ms)
			LoadAssemblies (147ms)
			RebuildTransferFunctionScriptingTraits (0ms)
			SetupTypeCache (384ms)
			ReleaseScriptCaches (1ms)
			RebuildScriptCaches (55ms)
			SetupLoadedEditorAssemblies (600ms)
				LogAssemblyErrors (0ms)
				InitializePlatformSupportModulesInManaged (9ms)
				SetLoadedEditorAssemblies (1ms)
				RefreshPlugins (1ms)
				BeforeProcessingInitializeOnLoad (142ms)
				ProcessInitializeOnLoadAttributes (412ms)
				ProcessInitializeOnLoadMethodAttributes (7ms)
				AfterProcessingInitializeOnLoad (28ms)
				EditorAssembliesLoaded (1ms)
			ExecutionOrderSort2 (0ms)
			AwakeInstancesAfterBackupRestoration (34ms)
Platform modules already initialized, skipping
Switching build target platform(19) subTarget(0) extendedPlatform(0) -> platform(13) subTarget(524288) extendedPlatform(0)
Refreshing native plugins compatible for Editor in 0.99 ms, found 2 plugins.
Preloading 0 native plugins for Editor in 0.00 ms.
Unloading 1737 Unused Serialized files (Serialized files now loaded: 0)
System memory in use before: 76.3 MB.
System memory in use after: 76.3 MB.

Unloading 16 unused Assets to reduce memory usage. Loaded Objects now: 2181.
Total: 3.273800 ms (FindLiveObjects: 0.289900 ms CreateObjectMapping: 0.162200 ms MarkObjects: 2.729800 ms  DeleteObjects: 0.090300 ms)

AssetImportParameters requested are different than current active one (requested -> active):
  custom:framework-win-MediaFoundation: 216162199b28c13a410421893ffa2e32 -> 
  custom:video-decoder-ogg-theora: a1e56fd34408186e4bbccfd4996cb3dc -> 
  custom:container-muxer-webm: aa71ff27fc2769a1b78a27578f13a17b -> 
  custom:container-demuxer-webm: 4f35f7cbe854078d1ac9338744f61a02 -> 
  custom:container-demuxer-ogg: 62fdf1f143b41e24485cea50d1cbac27 -> 
  custom:video-encoder-webm-vp8: eb34c28f22e8b96e1ab97ce403110664 -> 
  custom:video-decoder-webm-vp8: 9c59270c3fd7afecdb556c50c9e8de78 -> 
  custom:graphics/normal-map-encoding: 01000000000000000000000000000000 -> 02000000000000000000000000000000
  custom:audio-decoder-ogg-vorbis: bf7c407c2cedff20999df2af8eb42d56 -> 
  custom:audio-encoder-webm-vorbis: bf7c407c2cedff20999df2af8eb42d56 -> 
========================================================================
Received Prepare
Registering precompiled user dll's ...
Registered in 0.013021 seconds.
Begin MonoManager ReloadAssembly
Native extension for WindowsStandalone target not found
Native extension for WebGL target not found
Refreshing native plugins compatible for Editor in 0.38 ms, found 2 plugins.
Preloading 0 native plugins for Editor in 0.00 ms.
Mono: successfully reloaded assembly
- Completed reload, in  1.387 seconds
Domain Reload Profiling:
	ReloadAssembly (1388ms)
		BeginReloadAssembly (219ms)
			ExecutionOrderSort (0ms)
			DisableScriptedObjects (6ms)
			BackupInstance (0ms)
			ReleaseScriptingObjects (0ms)
			CreateAndSetChildDomain (48ms)
		EndReloadAssembly (1066ms)
			LoadAssemblies (174ms)
			RebuildTransferFunctionScriptingTraits (0ms)
			SetupTypeCache (339ms)
			ReleaseScriptCaches (1ms)
			RebuildScriptCaches (50ms)
			SetupLoadedEditorAssemblies (398ms)
				LogAssemblyErrors (0ms)
				InitializePlatformSupportModulesInManaged (8ms)
				SetLoadedEditorAssemblies (0ms)
				RefreshPlugins (0ms)
				BeforeProcessingInitializeOnLoad (114ms)
				ProcessInitializeOnLoadAttributes (256ms)
				ProcessInitializeOnLoadMethodAttributes (4ms)
				AfterProcessingInitializeOnLoad (15ms)
				EditorAssembliesLoaded (0ms)
			ExecutionOrderSort2 (0ms)
			AwakeInstancesAfterBackupRestoration (8ms)
Platform modules already initialized, skipping
Switching build target platform(19) subTarget(0) extendedPlatform(0) -> platform(13) subTarget(524288) extendedPlatform(0)
Refreshing native plugins compatible for Editor in 0.41 ms, found 2 plugins.
Preloading 0 native plugins for Editor in 0.00 ms.
Unloading 1737 Unused Serialized files (Serialized files now loaded: 0)
System memory in use before: 76.3 MB.
System memory in use after: 76.4 MB.

Unloading 16 unused Assets to reduce memory usage. Loaded Objects now: 2184.
Total: 2.244700 ms (FindLiveObjects: 0.179000 ms CreateObjectMapping: 0.070200 ms MarkObjects: 1.932700 ms  DeleteObjects: 0.061600 ms)

AssetImportParameters requested are different than current active one (requested -> active):
  custom:framework-win-MediaFoundation: 216162199b28c13a410421893ffa2e32 -> 
  custom:video-decoder-ogg-theora: a1e56fd34408186e4bbccfd4996cb3dc -> 
  custom:container-muxer-webm: aa71ff27fc2769a1b78a27578f13a17b -> 
  custom:container-demuxer-webm: 4f35f7cbe854078d1ac9338744f61a02 -> 
  custom:container-demuxer-ogg: 62fdf1f143b41e24485cea50d1cbac27 -> 
  custom:video-encoder-webm-vp8: eb34c28f22e8b96e1ab97ce403110664 -> 
  custom:video-decoder-webm-vp8: 9c59270c3fd7afecdb556c50c9e8de78 -> 
  custom:graphics/normal-map-encoding: 01000000000000000000000000000000 -> 02000000000000000000000000000000
  custom:audio-decoder-ogg-vorbis: bf7c407c2cedff20999df2af8eb42d56 -> 
  custom:audio-encoder-webm-vorbis: bf7c407c2cedff20999df2af8eb42d56 -> 
========================================================================
Received Import Request.
  Time since last request: 27.496119 seconds.
  path: Assets/Scripts/ARTrackingImage.cs
  artifactKey: Guid(62c593e5731af324c8591064f9ed9f54) Importer(815301076,1909f56bfc062723c751e8b465ee728b)
Start importing Assets/Scripts/ARTrackingImage.cs using Guid(62c593e5731af324c8591064f9ed9f54) Importer(815301076,1909f56bfc062723c751e8b465ee728b)  -> (artifact id: 'd3f5eef999a489f6176cc983b65ce9fc') in 0.012560 seconds 
  Import took 0.016419 seconds .

========================================================================
Received Prepare
Registering precompiled user dll's ...
Registered in 0.007059 seconds.
Begin MonoManager ReloadAssembly
Native extension for WindowsStandalone target not found
Native extension for WebGL target not found
Refreshing native plugins compatible for Editor in 0.45 ms, found 2 plugins.
Preloading 0 native plugins for Editor in 0.00 ms.
Mono: successfully reloaded assembly
- Completed reload, in  1.555 seconds
Domain Reload Profiling:
	ReloadAssembly (1555ms)
		BeginReloadAssembly (126ms)
			ExecutionOrderSort (0ms)
			DisableScriptedObjects (7ms)
			BackupInstance (0ms)
			ReleaseScriptingObjects (0ms)
			CreateAndSetChildDomain (30ms)
		EndReloadAssembly (1341ms)
			LoadAssemblies (123ms)
			RebuildTransferFunctionScriptingTraits (0ms)
			SetupTypeCache (358ms)
			ReleaseScriptCaches (1ms)
			RebuildScriptCaches (59ms)
			SetupLoadedEditorAssemblies (582ms)
				LogAssemblyErrors (0ms)
				InitializePlatformSupportModulesInManaged (9ms)
				SetLoadedEditorAssemblies (1ms)
				RefreshPlugins (1ms)
				BeforeProcessingInitializeOnLoad (173ms)
				ProcessInitializeOnLoadAttributes (372ms)
				ProcessInitializeOnLoadMethodAttributes (5ms)
				AfterProcessingInitializeOnLoad (21ms)
				EditorAssembliesLoaded (1ms)
			ExecutionOrderSort2 (0ms)
			AwakeInstancesAfterBackupRestoration (15ms)
Platform modules already initialized, skipping
Switching build target platform(19) subTarget(0) extendedPlatform(0) -> platform(13) subTarget(524288) extendedPlatform(0)
Refreshing native plugins compatible for Editor in 0.42 ms, found 2 plugins.
Preloading 0 native plugins for Editor in 0.00 ms.
Unloading 1738 Unused Serialized files (Serialized files now loaded: 0)
System memory in use before: 76.3 MB.
System memory in use after: 76.4 MB.

Unloading 16 unused Assets to reduce memory usage. Loaded Objects now: 2188.
Total: 2.467900 ms (FindLiveObjects: 0.187600 ms CreateObjectMapping: 0.062300 ms MarkObjects: 2.152100 ms  DeleteObjects: 0.064700 ms)

AssetImportParameters requested are different than current active one (requested -> active):
  custom:framework-win-MediaFoundation: 216162199b28c13a410421893ffa2e32 -> 
  custom:video-decoder-ogg-theora: a1e56fd34408186e4bbccfd4996cb3dc -> 
  custom:container-muxer-webm: aa71ff27fc2769a1b78a27578f13a17b -> 
  custom:container-demuxer-webm: 4f35f7cbe854078d1ac9338744f61a02 -> 
  custom:container-demuxer-ogg: 62fdf1f143b41e24485cea50d1cbac27 -> 
  custom:video-encoder-webm-vp8: eb34c28f22e8b96e1ab97ce403110664 -> 
  custom:video-decoder-webm-vp8: 9c59270c3fd7afecdb556c50c9e8de78 -> 
  custom:graphics/normal-map-encoding: 01000000000000000000000000000000 -> 02000000000000000000000000000000
  custom:audio-decoder-ogg-vorbis: bf7c407c2cedff20999df2af8eb42d56 -> 
  custom:audio-encoder-webm-vorbis: bf7c407c2cedff20999df2af8eb42d56 -> 
========================================================================
Received Import Request.
  Time since last request: 621.998631 seconds.
  path: Assets/Scripts/ARTrackingImage.cs
  artifactKey: Guid(62c593e5731af324c8591064f9ed9f54) Importer(815301076,1909f56bfc062723c751e8b465ee728b)
Start importing Assets/Scripts/ARTrackingImage.cs using Guid(62c593e5731af324c8591064f9ed9f54) Importer(815301076,1909f56bfc062723c751e8b465ee728b)  -> (artifact id: 'cca0bf34a97a8825c0c061f93d36e39d') in 0.009628 seconds 
  Import took 0.012787 seconds .

========================================================================
Received Import Request.
  Time since last request: 0.029431 seconds.
  path: Assets/Scripts/ARTrackingImage.cs
  artifactKey: Guid(62c593e5731af324c8591064f9ed9f54) Importer(815301076,1909f56bfc062723c751e8b465ee728b)
Start importing Assets/Scripts/ARTrackingImage.cs using Guid(62c593e5731af324c8591064f9ed9f54) Importer(815301076,1909f56bfc062723c751e8b465ee728b)  -> (artifact id: 'cca0bf34a97a8825c0c061f93d36e39d') in 0.004910 seconds 
  Import took 0.007558 seconds .

========================================================================
Received Prepare
Registering precompiled user dll's ...
Registered in 0.008181 seconds.
Begin MonoManager ReloadAssembly
Native extension for WindowsStandalone target not found
Native extension for WebGL target not found
Refreshing native plugins compatible for Editor in 0.35 ms, found 2 plugins.
Preloading 0 native plugins for Editor in 0.00 ms.
Mono: successfully reloaded assembly
- Completed reload, in  1.078 seconds
Domain Reload Profiling:
	ReloadAssembly (1078ms)
		BeginReloadAssembly (124ms)
			ExecutionOrderSort (0ms)
			DisableScriptedObjects (6ms)
			BackupInstance (0ms)
			ReleaseScriptingObjects (0ms)
			CreateAndSetChildDomain (31ms)
		EndReloadAssembly (876ms)
			LoadAssemblies (107ms)
			RebuildTransferFunctionScriptingTraits (0ms)
			SetupTypeCache (258ms)
			ReleaseScriptCaches (1ms)
			RebuildScriptCaches (42ms)
			SetupLoadedEditorAssemblies (329ms)
				LogAssemblyErrors (0ms)
				InitializePlatformSupportModulesInManaged (6ms)
				SetLoadedEditorAssemblies (0ms)
				RefreshPlugins (0ms)
				BeforeProcessingInitializeOnLoad (96ms)
				ProcessInitializeOnLoadAttributes (211ms)
				ProcessInitializeOnLoadMethodAttributes (3ms)
				AfterProcessingInitializeOnLoad (11ms)
				EditorAssembliesLoaded (0ms)
			ExecutionOrderSort2 (0ms)
			AwakeInstancesAfterBackupRestoration (7ms)
Platform modules already initialized, skipping
Switching build target platform(19) subTarget(0) extendedPlatform(0) -> platform(13) subTarget(524288) extendedPlatform(0)
Refreshing native plugins compatible for Editor in 0.45 ms, found 2 plugins.
Preloading 0 native plugins for Editor in 0.00 ms.
Unloading 1738 Unused Serialized files (Serialized files now loaded: 0)
System memory in use before: 76.4 MB.
System memory in use after: 76.4 MB.

Unloading 16 unused Assets to reduce memory usage. Loaded Objects now: 2191.
Total: 1.773000 ms (FindLiveObjects: 0.136100 ms CreateObjectMapping: 0.045600 ms MarkObjects: 1.537700 ms  DeleteObjects: 0.052900 ms)

AssetImportParameters requested are different than current active one (requested -> active):
  custom:framework-win-MediaFoundation: 216162199b28c13a410421893ffa2e32 -> 
  custom:video-decoder-ogg-theora: a1e56fd34408186e4bbccfd4996cb3dc -> 
  custom:container-muxer-webm: aa71ff27fc2769a1b78a27578f13a17b -> 
  custom:container-demuxer-webm: 4f35f7cbe854078d1ac9338744f61a02 -> 
  custom:container-demuxer-ogg: 62fdf1f143b41e24485cea50d1cbac27 -> 
  custom:video-encoder-webm-vp8: eb34c28f22e8b96e1ab97ce403110664 -> 
  custom:video-decoder-webm-vp8: 9c59270c3fd7afecdb556c50c9e8de78 -> 
  custom:graphics/normal-map-encoding: 01000000000000000000000000000000 -> 02000000000000000000000000000000
  custom:audio-decoder-ogg-vorbis: bf7c407c2cedff20999df2af8eb42d56 -> 
  custom:audio-encoder-webm-vorbis: bf7c407c2cedff20999df2af8eb42d56 -> 
========================================================================
Received Prepare
Refreshing native plugins compatible for Editor in 7.47 ms, found 2 plugins.
Preloading 0 native plugins for Editor in 0.00 ms.
Unloading 13 Unused Serialized files (Serialized files now loaded: 0)
System memory in use before: 42.1 MB.
System memory in use after: 42.2 MB.

Unloading 12 unused Assets to reduce memory usage. Loaded Objects now: 2192.
Total: 2.867500 ms (FindLiveObjects: 0.246500 ms CreateObjectMapping: 0.085100 ms MarkObjects: 2.463700 ms  DeleteObjects: 0.070700 ms)

AssetImportParameters requested are different than current active one (requested -> active):
  custom:framework-win-MediaFoundation: 216162199b28c13a410421893ffa2e32 -> 
  custom:video-decoder-ogg-theora: a1e56fd34408186e4bbccfd4996cb3dc -> 
  custom:container-muxer-webm: aa71ff27fc2769a1b78a27578f13a17b -> 
  custom:container-demuxer-webm: 4f35f7cbe854078d1ac9338744f61a02 -> 
  custom:container-demuxer-ogg: 62fdf1f143b41e24485cea50d1cbac27 -> 
  custom:video-encoder-webm-vp8: eb34c28f22e8b96e1ab97ce403110664 -> 
  custom:video-decoder-webm-vp8: 9c59270c3fd7afecdb556c50c9e8de78 -> 
  custom:audio-decoder-ogg-vorbis: bf7c407c2cedff20999df2af8eb42d56 -> 
  custom:audio-encoder-webm-vorbis: bf7c407c2cedff20999df2af8eb42d56 -> 
========================================================================
Received Prepare
Refreshing native plugins compatible for Editor in 6.57 ms, found 2 plugins.
Preloading 0 native plugins for Editor in 0.00 ms.
Unloading 12 Unused Serialized files (Serialized files now loaded: 0)
System memory in use before: 42.0 MB.
System memory in use after: 42.1 MB.

Unloading 12 unused Assets to reduce memory usage. Loaded Objects now: 2192.
Total: 3.353400 ms (FindLiveObjects: 0.193300 ms CreateObjectMapping: 0.072000 ms MarkObjects: 3.023500 ms  DeleteObjects: 0.063200 ms)

AssetImportParameters requested are different than current active one (requested -> active):
  custom:framework-win-MediaFoundation: 216162199b28c13a410421893ffa2e32 -> 
  custom:video-decoder-ogg-theora: a1e56fd34408186e4bbccfd4996cb3dc -> 
  custom:container-muxer-webm: aa71ff27fc2769a1b78a27578f13a17b -> 
  custom:container-demuxer-webm: 4f35f7cbe854078d1ac9338744f61a02 -> 
  custom:container-demuxer-ogg: 62fdf1f143b41e24485cea50d1cbac27 -> 
  custom:video-encoder-webm-vp8: eb34c28f22e8b96e1ab97ce403110664 -> 
  custom:video-decoder-webm-vp8: 9c59270c3fd7afecdb556c50c9e8de78 -> 
  custom:audio-decoder-ogg-vorbis: bf7c407c2cedff20999df2af8eb42d56 -> 
  custom:audio-encoder-webm-vorbis: bf7c407c2cedff20999df2af8eb42d56 -> 
========================================================================
Received Import Request.
  Time since last request: 672.347416 seconds.
  path: Assets/Prefabs/GameObject.prefab
  artifactKey: Guid(77a13ec7fb16fd94d8bc6f4c688ebf42) Importer(815301076,1909f56bfc062723c751e8b465ee728b)
Start importing Assets/Prefabs/GameObject.prefab using Guid(77a13ec7fb16fd94d8bc6f4c688ebf42) Importer(815301076,1909f56bfc062723c751e8b465ee728b)  -> (artifact id: '2a2f09fa05afc9dc6c5330fb1a4e1894') in 0.065420 seconds 
  Import took 0.069207 seconds .

========================================================================
Received Prepare
Refreshing native plugins compatible for Editor in 5.76 ms, found 2 plugins.
Preloading 0 native plugins for Editor in 0.00 ms.
Unloading 12 Unused Serialized files (Serialized files now loaded: 0)
System memory in use before: 42.2 MB.
System memory in use after: 42.3 MB.

Unloading 12 unused Assets to reduce memory usage. Loaded Objects now: 2193.
Total: 2.852200 ms (FindLiveObjects: 0.170600 ms CreateObjectMapping: 0.067300 ms MarkObjects: 2.566500 ms  DeleteObjects: 0.046600 ms)

AssetImportParameters requested are different than current active one (requested -> active):
  custom:framework-win-MediaFoundation: 216162199b28c13a410421893ffa2e32 -> 
  custom:video-decoder-ogg-theora: a1e56fd34408186e4bbccfd4996cb3dc -> 
  custom:container-muxer-webm: aa71ff27fc2769a1b78a27578f13a17b -> 
  custom:container-demuxer-webm: 4f35f7cbe854078d1ac9338744f61a02 -> 
  custom:container-demuxer-ogg: 62fdf1f143b41e24485cea50d1cbac27 -> 
  custom:video-encoder-webm-vp8: eb34c28f22e8b96e1ab97ce403110664 -> 
  custom:video-decoder-webm-vp8: 9c59270c3fd7afecdb556c50c9e8de78 -> 
  custom:audio-decoder-ogg-vorbis: bf7c407c2cedff20999df2af8eb42d56 -> 
  custom:audio-encoder-webm-vorbis: bf7c407c2cedff20999df2af8eb42d56 -> 
========================================================================
Received Prepare
Refreshing native plugins compatible for Editor in 6.81 ms, found 2 plugins.
Preloading 0 native plugins for Editor in 0.00 ms.
Unloading 12 Unused Serialized files (Serialized files now loaded: 0)
System memory in use before: 42.2 MB.
System memory in use after: 42.3 MB.

Unloading 12 unused Assets to reduce memory usage. Loaded Objects now: 2193.
Total: 4.743000 ms (FindLiveObjects: 0.233600 ms CreateObjectMapping: 0.077800 ms MarkObjects: 4.349900 ms  DeleteObjects: 0.079800 ms)

AssetImportParameters requested are different than current active one (requested -> active):
  custom:framework-win-MediaFoundation: 216162199b28c13a410421893ffa2e32 -> 
  custom:video-decoder-ogg-theora: a1e56fd34408186e4bbccfd4996cb3dc -> 
  custom:container-muxer-webm: aa71ff27fc2769a1b78a27578f13a17b -> 
  custom:container-demuxer-webm: 4f35f7cbe854078d1ac9338744f61a02 -> 
  custom:container-demuxer-ogg: 62fdf1f143b41e24485cea50d1cbac27 -> 
  custom:video-encoder-webm-vp8: eb34c28f22e8b96e1ab97ce403110664 -> 
  custom:video-decoder-webm-vp8: 9c59270c3fd7afecdb556c50c9e8de78 -> 
  custom:audio-decoder-ogg-vorbis: bf7c407c2cedff20999df2af8eb42d56 -> 
  custom:audio-encoder-webm-vorbis: bf7c407c2cedff20999df2af8eb42d56 -> 
========================================================================
Received Prepare
Registering precompiled user dll's ...
Registered in 0.009704 seconds.
Begin MonoManager ReloadAssembly
Native extension for WindowsStandalone target not found
Native extension for WebGL target not found
Refreshing native plugins compatible for Editor in 0.47 ms, found 2 plugins.
Preloading 0 native plugins for Editor in 0.00 ms.
Mono: successfully reloaded assembly
- Completed reload, in  1.725 seconds
Domain Reload Profiling:
	ReloadAssembly (1726ms)
		BeginReloadAssembly (209ms)
			ExecutionOrderSort (0ms)
			DisableScriptedObjects (9ms)
			BackupInstance (0ms)
			ReleaseScriptingObjects (0ms)
			CreateAndSetChildDomain (58ms)
		EndReloadAssembly (1406ms)
			LoadAssemblies (173ms)
			RebuildTransferFunctionScriptingTraits (0ms)
			SetupTypeCache (433ms)
			ReleaseScriptCaches (1ms)
			RebuildScriptCaches (68ms)
			SetupLoadedEditorAssemblies (494ms)
				LogAssemblyErrors (0ms)
				InitializePlatformSupportModulesInManaged (10ms)
				SetLoadedEditorAssemblies (1ms)
				RefreshPlugins (1ms)
				BeforeProcessingInitializeOnLoad (149ms)
				ProcessInitializeOnLoadAttributes (311ms)
				ProcessInitializeOnLoadMethodAttributes (5ms)
				AfterProcessingInitializeOnLoad (17ms)
				EditorAssembliesLoaded (0ms)
			ExecutionOrderSort2 (0ms)
			AwakeInstancesAfterBackupRestoration (11ms)
Platform modules already initialized, skipping
Switching build target platform(19) subTarget(0) extendedPlatform(0) -> platform(13) subTarget(524288) extendedPlatform(0)
Refreshing native plugins compatible for Editor in 0.43 ms, found 2 plugins.
Preloading 0 native plugins for Editor in 0.00 ms.
Unloading 1737 Unused Serialized files (Serialized files now loaded: 0)
System memory in use before: 76.3 MB.
System memory in use after: 76.4 MB.

Unloading 15 unused Assets to reduce memory usage. Loaded Objects now: 2196.
Total: 3.880100 ms (FindLiveObjects: 0.208200 ms CreateObjectMapping: 0.075200 ms MarkObjects: 3.535500 ms  DeleteObjects: 0.059800 ms)

AssetImportParameters requested are different than current active one (requested -> active):
  custom:framework-win-MediaFoundation: 216162199b28c13a410421893ffa2e32 -> 
  custom:video-decoder-ogg-theora: a1e56fd34408186e4bbccfd4996cb3dc -> 
  custom:container-muxer-webm: aa71ff27fc2769a1b78a27578f13a17b -> 
  custom:container-demuxer-webm: 4f35f7cbe854078d1ac9338744f61a02 -> 
  custom:container-demuxer-ogg: 62fdf1f143b41e24485cea50d1cbac27 -> 
  custom:video-encoder-webm-vp8: eb34c28f22e8b96e1ab97ce403110664 -> 
  custom:video-decoder-webm-vp8: 9c59270c3fd7afecdb556c50c9e8de78 -> 
  custom:graphics/normal-map-encoding: 01000000000000000000000000000000 -> 02000000000000000000000000000000
  custom:audio-decoder-ogg-vorbis: bf7c407c2cedff20999df2af8eb42d56 -> 
  custom:audio-encoder-webm-vorbis: bf7c407c2cedff20999df2af8eb42d56 -> 
========================================================================
Received Prepare
Registering precompiled user dll's ...
Registered in 0.014312 seconds.
Begin MonoManager ReloadAssembly
Native extension for WindowsStandalone target not found
Native extension for WebGL target not found
Refreshing native plugins compatible for Editor in 0.46 ms, found 2 plugins.
Preloading 0 native plugins for Editor in 0.00 ms.
Mono: successfully reloaded assembly
- Completed reload, in  1.735 seconds
Domain Reload Profiling:
	ReloadAssembly (1736ms)
		BeginReloadAssembly (190ms)
			ExecutionOrderSort (0ms)
			DisableScriptedObjects (7ms)
			BackupInstance (0ms)
			ReleaseScriptingObjects (0ms)
			CreateAndSetChildDomain (46ms)
		EndReloadAssembly (1420ms)
			LoadAssemblies (203ms)
			RebuildTransferFunctionScriptingTraits (0ms)
			SetupTypeCache (467ms)
			ReleaseScriptCaches (1ms)
			RebuildScriptCaches (67ms)
			SetupLoadedEditorAssemblies (452ms)
				LogAssemblyErrors (0ms)
				InitializePlatformSupportModulesInManaged (9ms)
				SetLoadedEditorAssemblies (1ms)
				RefreshPlugins (1ms)
				BeforeProcessingInitializeOnLoad (132ms)
				ProcessInitializeOnLoadAttributes (288ms)
				ProcessInitializeOnLoadMethodAttributes (4ms)
				AfterProcessingInitializeOnLoad (16ms)
				EditorAssembliesLoaded (0ms)
			ExecutionOrderSort2 (0ms)
			AwakeInstancesAfterBackupRestoration (9ms)
Platform modules already initialized, skipping
Switching build target platform(19) subTarget(0) extendedPlatform(0) -> platform(13) subTarget(524288) extendedPlatform(0)
Refreshing native plugins compatible for Editor in 0.44 ms, found 2 plugins.
Preloading 0 native plugins for Editor in 0.00 ms.
Unloading 1744 Unused Serialized files (Serialized files now loaded: 0)
System memory in use before: 76.6 MB.
System memory in use after: 76.7 MB.

Unloading 15 unused Assets to reduce memory usage. Loaded Objects now: 2206.
Total: 2.393900 ms (FindLiveObjects: 0.200700 ms CreateObjectMapping: 0.061200 ms MarkObjects: 2.070000 ms  DeleteObjects: 0.060200 ms)

AssetImportParameters requested are different than current active one (requested -> active):
  custom:framework-win-MediaFoundation: 216162199b28c13a410421893ffa2e32 -> 
  custom:video-decoder-ogg-theora: a1e56fd34408186e4bbccfd4996cb3dc -> 
  custom:container-muxer-webm: aa71ff27fc2769a1b78a27578f13a17b -> 
  custom:container-demuxer-webm: 4f35f7cbe854078d1ac9338744f61a02 -> 
  custom:container-demuxer-ogg: 62fdf1f143b41e24485cea50d1cbac27 -> 
  custom:video-encoder-webm-vp8: eb34c28f22e8b96e1ab97ce403110664 -> 
  custom:video-decoder-webm-vp8: 9c59270c3fd7afecdb556c50c9e8de78 -> 
  custom:graphics/normal-map-encoding: 01000000000000000000000000000000 -> 02000000000000000000000000000000
  custom:audio-decoder-ogg-vorbis: bf7c407c2cedff20999df2af8eb42d56 -> 
  custom:audio-encoder-webm-vorbis: bf7c407c2cedff20999df2af8eb42d56 -> 
========================================================================
Received Import Request.
  Time since last request: 1554.013827 seconds.
  path: Assets/SoonSoonAsset/Scenes
  artifactKey: Guid(10b41daa5ee9a4442a3f59f4c073b2f1) Importer(815301076,1909f56bfc062723c751e8b465ee728b)
Start importing Assets/SoonSoonAsset/Scenes using Guid(10b41daa5ee9a4442a3f59f4c073b2f1) Importer(815301076,1909f56bfc062723c751e8b465ee728b)  -> (artifact id: '2ee1bf055a396ae9b5e8fcdccd120b0f') in 0.013073 seconds 
  Import took 0.015953 seconds .

========================================================================
Received Import Request.
  Time since last request: 0.740572 seconds.
  path: Assets/SoonSoonAsset/Scenes/SampleScene.unity
  artifactKey: Guid(6d38fdef48c145a4888e35cbe3e4c71a) Importer(815301076,1909f56bfc062723c751e8b465ee728b)
Start importing Assets/SoonSoonAsset/Scenes/SampleScene.unity using Guid(6d38fdef48c145a4888e35cbe3e4c71a) Importer(815301076,1909f56bfc062723c751e8b465ee728b)  -> (artifact id: 'fca02dc24e904d86a42ede136efa594b') in 0.018198 seconds 
  Import took 0.021524 seconds .

========================================================================
Received Import Request.
  Time since last request: 1.331850 seconds.
  path: Assets/SoonSoonAsset/SamepleProject
  artifactKey: Guid(b96064637bcf819408e6223a3da21829) Importer(815301076,1909f56bfc062723c751e8b465ee728b)
Start importing Assets/SoonSoonAsset/SamepleProject using Guid(b96064637bcf819408e6223a3da21829) Importer(815301076,1909f56bfc062723c751e8b465ee728b)  -> (artifact id: 'e921e2748834b1b7e9cd63a1e742035a') in 0.009172 seconds 
  Import took 0.013600 seconds .

========================================================================
Received Import Request.
  Time since last request: 1.711664 seconds.
  path: Assets/SoonSoonAsset/SamepleProject/ARRuler
  artifactKey: Guid(840bbdd2efb4b9a4ea41ebdf5fc54610) Importer(815301076,1909f56bfc062723c751e8b465ee728b)
Start importing Assets/SoonSoonAsset/SamepleProject/ARRuler using Guid(840bbdd2efb4b9a4ea41ebdf5fc54610) Importer(815301076,1909f56bfc062723c751e8b465ee728b)  -> (artifact id: '2dd112f2dce433b930b6858396d682d0') in 0.010823 seconds 
  Import took 0.014054 seconds .

========================================================================
Received Import Request.
  Time since last request: 0.303721 seconds.
  path: Assets/SoonSoonAsset/SamepleProject/ClassificationPlane
  artifactKey: Guid(16c4450fb821bbc4290d6aed39bb71e9) Importer(815301076,1909f56bfc062723c751e8b465ee728b)
Start importing Assets/SoonSoonAsset/SamepleProject/ClassificationPlane using Guid(16c4450fb821bbc4290d6aed39bb71e9) Importer(815301076,1909f56bfc062723c751e8b465ee728b)  -> (artifact id: '37710735d610c866a4b481f8289bd2fd') in 0.010928 seconds 
  Import took 0.014733 seconds .

========================================================================
Received Import Request.
  Time since last request: 0.260238 seconds.
  path: Assets/SoonSoonAsset/SamepleProject/ImageTracking
  artifactKey: Guid(b77ad48b7be1a5840a6d33c22afbbe1d) Importer(815301076,1909f56bfc062723c751e8b465ee728b)
Start importing Assets/SoonSoonAsset/SamepleProject/ImageTracking using Guid(b77ad48b7be1a5840a6d33c22afbbe1d) Importer(815301076,1909f56bfc062723c751e8b465ee728b)  -> (artifact id: '86868771cc9cf08f9b41034ada4b31ed') in 0.009185 seconds 
  Import took 0.013659 seconds .

========================================================================
Received Import Request.
  Time since last request: 0.521162 seconds.
  path: Assets/SoonSoonAsset/SamepleProject/ImageTracking/ReferenceImageLibrary.asset
  artifactKey: Guid(de86620c31c874e45bbd5606999e9ce8) Importer(815301076,1909f56bfc062723c751e8b465ee728b)
Start importing Assets/SoonSoonAsset/SamepleProject/ImageTracking/ReferenceImageLibrary.asset using Guid(de86620c31c874e45bbd5606999e9ce8) Importer(815301076,1909f56bfc062723c751e8b465ee728b)  -> (artifact id: 'fae5f074235867120f8d2ff7ea280636') in 0.032816 seconds 
  Import took 0.035700 seconds .

========================================================================
Received Import Request.
  Time since last request: 1.779722 seconds.
  path: Assets/SoonSoonAsset/SamepleProject/ImageTracking/Script
  artifactKey: Guid(a61db3dcd1f51449ba4c2dee0c725028) Importer(815301076,1909f56bfc062723c751e8b465ee728b)
Start importing Assets/SoonSoonAsset/SamepleProject/ImageTracking/Script using Guid(a61db3dcd1f51449ba4c2dee0c725028) Importer(815301076,1909f56bfc062723c751e8b465ee728b)  -> (artifact id: '8e7f6f2825a7e92f1ef8bea90496a478') in 0.009735 seconds 
  Import took 0.012891 seconds .

========================================================================
Received Import Request.
  Time since last request: 0.550489 seconds.
  path: Assets/SoonSoonAsset/SamepleProject/ImageTracking/Script/ARTrackedImg.cs
  artifactKey: Guid(5285c5c6782574b95b03f66c55852590) Importer(815301076,1909f56bfc062723c751e8b465ee728b)
Start importing Assets/SoonSoonAsset/SamepleProject/ImageTracking/Script/ARTrackedImg.cs using Guid(5285c5c6782574b95b03f66c55852590) Importer(815301076,1909f56bfc062723c751e8b465ee728b)  -> (artifact id: 'a78696e45f0be3b173b189474bb5d043') in 0.008856 seconds 
  Import took 0.012523 seconds .

========================================================================
Received Import Request.
  Time since last request: 0.033367 seconds.
  path: Assets/SoonSoonAsset/SamepleProject/ImageTracking/Script/ARTrackedImg.cs
  artifactKey: Guid(5285c5c6782574b95b03f66c55852590) Importer(815301076,1909f56bfc062723c751e8b465ee728b)
Start importing Assets/SoonSoonAsset/SamepleProject/ImageTracking/Script/ARTrackedImg.cs using Guid(5285c5c6782574b95b03f66c55852590) Importer(815301076,1909f56bfc062723c751e8b465ee728b)  -> (artifact id: 'a78696e45f0be3b173b189474bb5d043') in 0.005156 seconds 
  Import took 0.008325 seconds .

========================================================================
Received Import Request.
  Time since last request: 38.757633 seconds.
  path: Assets/SoonSoonAsset/SamepleProject/ImageTracking/ImageTracking.unity
  artifactKey: Guid(6a00ca47a31f2df40ad09f2d73ba5870) Importer(815301076,1909f56bfc062723c751e8b465ee728b)
Start importing Assets/SoonSoonAsset/SamepleProject/ImageTracking/ImageTracking.unity using Guid(6a00ca47a31f2df40ad09f2d73ba5870) Importer(815301076,1909f56bfc062723c751e8b465ee728b)  -> (artifact id: 'db6364a8336182ba9796bd4482954f91') in 0.013338 seconds 
  Import took 0.016537 seconds .

========================================================================
Received Import Request.
  Time since last request: 22.276593 seconds.
  path: Assets/SoonSoonAsset/Res/img_soonsoon.png
  artifactKey: Guid(b128cd18a2217414faffe903f1aa32c1) Importer(815301076,1909f56bfc062723c751e8b465ee728b)
Start importing Assets/SoonSoonAsset/Res/img_soonsoon.png using Guid(b128cd18a2217414faffe903f1aa32c1) Importer(815301076,1909f56bfc062723c751e8b465ee728b)  -> (artifact id: '8059e13f32b09ccb438a279e8f62fbca') in 0.215859 seconds 
  Import took 0.219536 seconds .

========================================================================
Received Import Request.
  Time since last request: 0.000401 seconds.
  path: Assets/SoonSoonAsset/Res/img_ari.png
  artifactKey: Guid(ae829938062ad41af855f0791e76fe77) Importer(815301076,1909f56bfc062723c751e8b465ee728b)
Start importing Assets/SoonSoonAsset/Res/img_ari.png using Guid(ae829938062ad41af855f0791e76fe77) Importer(815301076,1909f56bfc062723c751e8b465ee728b)  -> (artifact id: 'd2edf6fe7e97ca831850aadcea00a9e2') in 0.040063 seconds 
  Import took 0.044680 seconds .

========================================================================
Received Import Request.
  Time since last request: 0.000375 seconds.
  path: Assets/SoonSoonAsset/Res/img_soonsoon.png
  artifactKey: Guid(b128cd18a2217414faffe903f1aa32c1) Importer(815301076,1909f56bfc062723c751e8b465ee728b)
Start importing Assets/SoonSoonAsset/Res/img_soonsoon.png using Guid(b128cd18a2217414faffe903f1aa32c1) Importer(815301076,1909f56bfc062723c751e8b465ee728b)  -> (artifact id: '8059e13f32b09ccb438a279e8f62fbca') in 0.031659 seconds 
  Import took 0.036323 seconds .

========================================================================
Received Import Request.
  Time since last request: 0.000449 seconds.
  path: Assets/SoonSoonAsset/Res/img_ari.png
  artifactKey: Guid(ae829938062ad41af855f0791e76fe77) Importer(815301076,1909f56bfc062723c751e8b465ee728b)
Start importing Assets/SoonSoonAsset/Res/img_ari.png using Guid(ae829938062ad41af855f0791e76fe77) Importer(815301076,1909f56bfc062723c751e8b465ee728b)  -> (artifact id: 'd2edf6fe7e97ca831850aadcea00a9e2') in 0.035984 seconds 
  Import took 0.040848 seconds .

